<?xml version="1.0" encoding="UTF-8"?>
<!-- Generated by org.testng.reporters.JUnitXMLReporter -->
<testsuite hostname="DESKTOP-SK6H54K" name="Default test" tests="4" failures="0" timestamp="7 Jun 2016 15:44:12 GMT" time="116.716" errors="0">
  <testcase name="Empty" time="4.279" classname="com.efs.ValidateContactUsTest"/>
  <testcase name="validEmail" time="3.42" classname="com.efs.ValidateContactUsTest"/>
  <testcase name="validInput" time="10.002" classname="com.efs.ValidateContactUsTest"/>
  <testcase name="validMessage" time="3.378" classname="com.efs.ValidateContactUsTest"/>
</testsuite> <!-- Default test -->
