<?xml version="1.0" encoding="UTF-8"?>
<testng-results skipped="0" failed="0" total="4" passed="4">
  <reporter-output>
  </reporter-output>
  <suite name="Default suite" duration-ms="116716" started-at="2016-06-07T15:42:15Z" finished-at="2016-06-07T15:44:12Z">
    <groups>
    </groups>
    <test name="Default test" duration-ms="116716" started-at="2016-06-07T15:42:15Z" finished-at="2016-06-07T15:44:12Z">
      <class name="com.efs.ValidateContactUsTest">
        <test-method status="PASS" signature="OpenBrowser()[pri:0, instance:com.efs.ValidateContactUsTest@44a7624e]" name="OpenBrowser" is-config="true" duration-ms="31684" started-at="2016-06-07T11:42:15Z" finished-at="2016-06-07T11:42:47Z">
          <reporter-output>
          </reporter-output>
        </test-method> <!-- OpenBrowser -->
        <test-method status="PASS" signature="Empty()[pri:0, instance:com.efs.ValidateContactUsTest@44a7624e]" name="Empty" duration-ms="4279" started-at="2016-06-07T11:42:47Z" finished-at="2016-06-07T11:42:51Z">
          <reporter-output>
          </reporter-output>
        </test-method> <!-- Empty -->
        <test-method status="PASS" signature="CloseBrowser()[pri:0, instance:com.efs.ValidateContactUsTest@44a7624e]" name="CloseBrowser" is-config="true" duration-ms="577" started-at="2016-06-07T11:42:51Z" finished-at="2016-06-07T11:42:52Z">
          <reporter-output>
          </reporter-output>
        </test-method> <!-- CloseBrowser -->
        <test-method status="PASS" signature="OpenBrowser()[pri:0, instance:com.efs.ValidateContactUsTest@44a7624e]" name="OpenBrowser" is-config="true" duration-ms="10474" started-at="2016-06-07T11:42:52Z" finished-at="2016-06-07T11:43:02Z">
          <reporter-output>
          </reporter-output>
        </test-method> <!-- OpenBrowser -->
        <test-method status="PASS" signature="validEmail()[pri:0, instance:com.efs.ValidateContactUsTest@44a7624e]" name="validEmail" duration-ms="3420" started-at="2016-06-07T11:43:02Z" finished-at="2016-06-07T11:43:05Z">
          <reporter-output>
          </reporter-output>
        </test-method> <!-- validEmail -->
        <test-method status="PASS" signature="CloseBrowser()[pri:0, instance:com.efs.ValidateContactUsTest@44a7624e]" name="CloseBrowser" is-config="true" duration-ms="423" started-at="2016-06-07T11:43:05Z" finished-at="2016-06-07T11:43:06Z">
          <reporter-output>
          </reporter-output>
        </test-method> <!-- CloseBrowser -->
        <test-method status="PASS" signature="OpenBrowser()[pri:0, instance:com.efs.ValidateContactUsTest@44a7624e]" name="OpenBrowser" is-config="true" duration-ms="43216" started-at="2016-06-07T11:43:06Z" finished-at="2016-06-07T11:43:49Z">
          <reporter-output>
          </reporter-output>
        </test-method> <!-- OpenBrowser -->
        <test-method status="PASS" signature="validInput()[pri:0, instance:com.efs.ValidateContactUsTest@44a7624e]" name="validInput" duration-ms="10002" started-at="2016-06-07T11:43:49Z" finished-at="2016-06-07T11:43:59Z">
          <reporter-output>
          </reporter-output>
        </test-method> <!-- validInput -->
        <test-method status="PASS" signature="CloseBrowser()[pri:0, instance:com.efs.ValidateContactUsTest@44a7624e]" name="CloseBrowser" is-config="true" duration-ms="408" started-at="2016-06-07T11:43:59Z" finished-at="2016-06-07T11:44:00Z">
          <reporter-output>
          </reporter-output>
        </test-method> <!-- CloseBrowser -->
        <test-method status="PASS" signature="OpenBrowser()[pri:0, instance:com.efs.ValidateContactUsTest@44a7624e]" name="OpenBrowser" is-config="true" duration-ms="8413" started-at="2016-06-07T11:44:00Z" finished-at="2016-06-07T11:44:08Z">
          <reporter-output>
          </reporter-output>
        </test-method> <!-- OpenBrowser -->
        <test-method status="PASS" signature="validMessage()[pri:0, instance:com.efs.ValidateContactUsTest@44a7624e]" name="validMessage" duration-ms="3378" started-at="2016-06-07T11:44:08Z" finished-at="2016-06-07T11:44:11Z">
          <reporter-output>
          </reporter-output>
        </test-method> <!-- validMessage -->
        <test-method status="PASS" signature="CloseBrowser()[pri:0, instance:com.efs.ValidateContactUsTest@44a7624e]" name="CloseBrowser" is-config="true" duration-ms="366" started-at="2016-06-07T11:44:11Z" finished-at="2016-06-07T11:44:12Z">
          <reporter-output>
          </reporter-output>
        </test-method> <!-- CloseBrowser -->
      </class> <!-- com.efs.ValidateContactUsTest -->
    </test> <!-- Default test -->
  </suite> <!-- Default suite -->
</testng-results>
